<?xml version="1.0" encoding="UTF-8"?>
<testng-results ignored="0" total="1" passed="1" failed="0" skipped="0">
  <reporter-output>
  </reporter-output>
  <suite started-at="2023-07-12T22:31:36 IST" name="Default suite" finished-at="2023-07-12T22:31:36 IST" duration-ms="57">
    <groups>
    </groups>
    <test started-at="2023-07-12T22:31:36 IST" name="Default test" finished-at="2023-07-12T22:31:36 IST" duration-ms="57">
      <class name="Demo.SampleTest">
        <test-method signature="hiTest()[pri:0, instance:Demo.SampleTest@53ce1329]" started-at="2023-07-12T22:31:36 IST" name="hiTest" finished-at="2023-07-12T22:31:36 IST" duration-ms="9" status="PASS">
          <reporter-output>
          </reporter-output>
        </test-method> <!-- hiTest -->
      </class> <!-- Demo.SampleTest -->
    </test> <!-- Default test -->
  </suite> <!-- Default suite -->
</testng-results>
